2025-01-21T16:03:58.674+09:00  INFO 9000 --- [MyBoot] [restartedMain] c.b.m.MySpringBoot33Application          : Starting MySpringBoot33Application using Java 17 with PID 9000 (C:\springboot\code\MySpringBoot3_3\target\classes started by KOSTA in C:\springboot\code\MySpringBoot3_3)
2025-01-21T16:03:58.675+09:00 DEBUG 9000 --- [MyBoot] [restartedMain] c.b.m.MySpringBoot33Application          : Running with Spring Boot v3.3.7, Spring v6.1.15
2025-01-21T16:03:58.675+09:00  INFO 9000 --- [MyBoot] [restartedMain] c.b.m.MySpringBoot33Application          : The following 1 profile is active: "test"
2025-01-21T16:03:58.959+09:00  INFO 9000 --- [MyBoot] [restartedMain] .s.d.r.c.RepositoryConfigurationDelegate : Bootstrapping Spring Data JPA repositories in DEFAULT mode.
2025-01-21T16:03:58.962+09:00  INFO 9000 --- [MyBoot] [restartedMain] .s.d.r.c.RepositoryConfigurationDelegate : Finished Spring Data repository scanning in 2 ms. Found 0 JPA repository interfaces.
2025-01-21T16:03:59.099+09:00  INFO 9000 --- [MyBoot] [restartedMain] o.s.b.w.embedded.tomcat.TomcatWebServer  : Tomcat initialized with port 8085 (http)
2025-01-21T16:03:59.100+09:00  INFO 9000 --- [MyBoot] [restartedMain] o.apache.catalina.core.StandardService   : Starting service [Tomcat]
2025-01-21T16:03:59.100+09:00  INFO 9000 --- [MyBoot] [restartedMain] o.apache.catalina.core.StandardEngine    : Starting Servlet engine: [Apache Tomcat/10.1.34]
2025-01-21T16:03:59.125+09:00  INFO 9000 --- [MyBoot] [restartedMain] o.a.c.c.C.[Tomcat].[localhost].[/]       : Initializing Spring embedded WebApplicationContext
2025-01-21T16:03:59.125+09:00  INFO 9000 --- [MyBoot] [restartedMain] w.s.c.ServletWebServerApplicationContext : Root WebApplicationContext: initialization completed in 449 ms
2025-01-21T16:03:59.218+09:00  INFO 9000 --- [MyBoot] [restartedMain] com.zaxxer.hikari.HikariDataSource       : HikariPool-4 - Starting...
2025-01-21T16:03:59.220+09:00  INFO 9000 --- [MyBoot] [restartedMain] com.zaxxer.hikari.pool.HikariPool        : HikariPool-4 - Added connection conn30: url=jdbc:h2:mem:694d7170-ea89-4f2f-bcdf-34fa0accd776 user=SA
2025-01-21T16:03:59.220+09:00  INFO 9000 --- [MyBoot] [restartedMain] com.zaxxer.hikari.HikariDataSource       : HikariPool-4 - Start completed.
2025-01-21T16:03:59.221+09:00  INFO 9000 --- [MyBoot] [restartedMain] o.hibernate.jpa.internal.util.LogHelper  : HHH000204: Processing PersistenceUnitInfo [name: default]
2025-01-21T16:03:59.224+09:00  INFO 9000 --- [MyBoot] [restartedMain] o.h.c.internal.RegionFactoryInitiator    : HHH000026: Second-level cache disabled
2025-01-21T16:03:59.232+09:00  INFO 9000 --- [MyBoot] [restartedMain] o.s.o.j.p.SpringPersistenceUnitInfo      : No LoadTimeWeaver setup: ignoring JPA class transformer
2025-01-21T16:03:59.252+09:00  INFO 9000 --- [MyBoot] [restartedMain] o.h.e.t.j.p.i.JtaPlatformInitiator       : HHH000489: No JTA platform available (set 'hibernate.transaction.jta.platform' to enable JTA platform integration)
2025-01-21T16:03:59.252+09:00  INFO 9000 --- [MyBoot] [restartedMain] j.LocalContainerEntityManagerFactoryBean : Initialized JPA EntityManagerFactory for persistence unit 'default'
2025-01-21T16:03:59.302+09:00  WARN 9000 --- [MyBoot] [restartedMain] JpaBaseConfiguration$JpaWebConfiguration : spring.jpa.open-in-view is enabled by default. Therefore, database queries may be performed during view rendering. Explicitly configure spring.jpa.open-in-view to disable this warning
2025-01-21T16:03:59.431+09:00  WARN 9000 --- [MyBoot] [restartedMain] ion$DefaultTemplateResolverConfiguration : Cannot find template location: classpath:/templates/ (please add some templates, check your Thymeleaf configuration, or set spring.thymeleaf.check-template-location=false)
2025-01-21T16:03:59.567+09:00  INFO 9000 --- [MyBoot] [restartedMain] o.s.b.a.h2.H2ConsoleAutoConfiguration    : H2 console available at '/h2-console'. Database available at 'jdbc:h2:mem:694d7170-ea89-4f2f-bcdf-34fa0accd776'
2025-01-21T16:03:59.598+09:00  INFO 9000 --- [MyBoot] [restartedMain] o.s.b.d.a.OptionalLiveReloadServer       : LiveReload server is running on port 35729
2025-01-21T16:03:59.603+09:00  INFO 9000 --- [MyBoot] [restartedMain] o.s.b.a.e.web.EndpointLinksResolver      : Exposing 1 endpoint beneath base path '/actuator'
2025-01-21T16:03:59.622+09:00  INFO 9000 --- [MyBoot] [restartedMain] o.s.b.w.embedded.tomcat.TomcatWebServer  : Tomcat started on port 8085 (http) with context path '/'
2025-01-21T16:03:59.630+09:00  INFO 9000 --- [MyBoot] [restartedMain] c.b.m.MySpringBoot33Application          : Started MySpringBoot33Application in 0.993 seconds (process running for 377.703)
2025-01-21T16:03:59.635+09:00  INFO 9000 --- [MyBoot] [restartedMain] .ConditionEvaluationDeltaLoggingListener : Condition evaluation unchanged
2025-01-21T16:04:32.889+09:00  INFO 9000 --- [MyBoot] [SpringApplicationShutdownHook] j.LocalContainerEntityManagerFactoryBean : Closing JPA EntityManagerFactory for persistence unit 'default'
2025-01-21T16:04:32.890+09:00  WARN 9000 --- [MyBoot] [SpringApplicationShutdownHook] o.s.b.f.support.DisposableBeanAdapter    : Invocation of destroy method failed on bean with name 'inMemoryDatabaseShutdownExecutor': org.h2.jdbc.JdbcSQLNonTransientConnectionException: Database is already closed (to disable automatic closing at VM shutdown, add ";DB_CLOSE_ON_EXIT=FALSE" to the db URL) [90121-224]
2025-01-21T16:04:32.890+09:00  INFO 9000 --- [MyBoot] [SpringApplicationShutdownHook] com.zaxxer.hikari.HikariDataSource       : HikariPool-4 - Shutdown initiated...
2025-01-21T16:04:32.891+09:00  INFO 9000 --- [MyBoot] [SpringApplicationShutdownHook] com.zaxxer.hikari.HikariDataSource       : HikariPool-4 - Shutdown completed.
